<?xml version="1.0" encoding="UTF-8"?>
<testsuite name="ua.splinestudio.sandbox.EquationTests" tests="3" skipped="0" failures="0" errors="0" timestamp="2019-12-27T13:08:34" hostname="WIN-H3K2C979116" time="0.025">
  <properties/>
  <testcase name="test0" classname="ua.splinestudio.sandbox.EquationTests" time="0.013"/>
  <testcase name="test1" classname="ua.splinestudio.sandbox.EquationTests" time="0.0"/>
  <testcase name="test2" classname="ua.splinestudio.sandbox.EquationTests" time="0.0"/>
  <system-out><![CDATA[]]></system-out>
  <system-err><![CDATA[]]></system-err>
</testsuite>
