<?xml version="1.0" encoding="UTF-8"?>
<testsuite name="ua.splinestudio.sandbox.EquationTests" tests="3" skipped="0" failures="0" errors="0" timestamp="2019-12-15T19:05:19" hostname="WIN-2KK8D6ESTAE" time="0.03">
  <properties/>
  <testcase name="test0" classname="ua.splinestudio.sandbox.EquationTests" time="0.015"/>
  <testcase name="test1" classname="ua.splinestudio.sandbox.EquationTests" time="0.0"/>
  <testcase name="test2" classname="ua.splinestudio.sandbox.EquationTests" time="0.001"/>
  <system-out><![CDATA[]]></system-out>
  <system-err><![CDATA[]]></system-err>
</testsuite>
