<?xml version="1.0" encoding="UTF-8"?>
<testsuite name="ua.splinestudio.sandbox.SquareTests" tests="1" skipped="0" failures="0" errors="0" timestamp="2019-12-12T18:37:34" hostname="WIN-2KK8D6ESTAE" time="0.02">
  <properties/>
  <testcase name="testArea" classname="ua.splinestudio.sandbox.SquareTests" time="0.02"/>
  <system-out><![CDATA[]]></system-out>
  <system-err><![CDATA[]]></system-err>
</testsuite>
