<?xml version="1.0" encoding="UTF-8"?>
<testsuite name="ua.splinestudio.fridn.my.GroupCreationTests" tests="1" skipped="0" failures="0" errors="0" timestamp="2019-12-13T11:45:09" hostname="WIN-H3K2C979116" time="3.096">
  <properties/>
  <testcase name="testUntitledTestCase" classname="ua.splinestudio.fridn.my.GroupCreationTests" time="3.096"/>
  <system-out><![CDATA[]]></system-out>
  <system-err><![CDATA[1576237506275	mozrunner::runner	INFO	Running command: "C:\\Program Files\\Mozilla Firefox\\firefox.exe" "-marionette" "-foreground" "-no-remote" "-profile" "C:\\Users\\User\\AppData\\Local\\Temp\\rust_mozprofilew1jXsA"
1576237506830	addons.webextension.screenshots@mozilla.org	WARN	Loading extension 'screenshots@mozilla.org': Reading manifest: Invalid extension permission: mozillaAddons
1576237506830	addons.webextension.screenshots@mozilla.org	WARN	Loading extension 'screenshots@mozilla.org': Reading manifest: Invalid extension permission: telemetry
1576237506830	addons.webextension.screenshots@mozilla.org	WARN	Loading extension 'screenshots@mozilla.org': Reading manifest: Invalid extension permission: resource://pdf.js/
1576237506830	addons.webextension.screenshots@mozilla.org	WARN	Loading extension 'screenshots@mozilla.org': Reading manifest: Invalid extension permission: about:reader*
JavaScript error: resource://gre/modules/XULStore.jsm, line 66: Error: Can't find profile directory.
1576237509198	Marionette	INFO	Listening on port 63481
1576237509521	Marionette	WARN	TLS certificate errors will be ignored for this session
дек 13, 2019 1:45:09 PM org.openqa.selenium.remote.ProtocolHandshake createSession
INFO: Detected dialect: W3C
1576237512853	Marionette	INFO	Stopped listening on port 63481
[Child 6516, Chrome_ChildThread] WARNING: pipe error: 109: file z:/task_1575282935/build/src/ipc/chromium/src/chrome/common/ipc_channel_win.cc, line 341
[Child 6516, Chrome_ChildThread] WARNING: pipe error: 1[Child 8680, Chrome_ChildThread] WARNING: pipe error: 109: file z:/task_1575282935/build/src/ipc/chromium/src/chrome/common/ipc_channel_win.cc, line 341
[Child 8680, Chrome_ChildThread] WARNIN[Parent 7728, Gecko_IOThread] WARNING: pipe error: 109: file z:/task_1575282935/build/src/ipc/chromium/src/chrome/common/ipc_channel_win.cc, line 341
[
###!!! [Child][RunMessage] Error: Channel closing: too late to send/recv, messages will be lost

GPU 12900, Chrome_ChildThread] WARNING: pipe error: 109: file z:/task_1575282935/build/src/ipc/chromium/src/chrome/common/ipc_channel_win.cc, line 341

###!!! [Child][MessageChannel::SendAndWait] Error: Channel error: cannot send/recv

]]></system-err>
</testsuite>
