<?xml version="1.0" encoding="UTF-8"?>
<testsuite name="ua.splinestudio.rentautobus.tests.LogInTest" tests="1" skipped="0" failures="0" errors="0" timestamp="2020-01-17T10:18:49" hostname="WIN-H3K2C979116" time="2.255">
  <properties/>
  <testcase name="testBusCompanyLoginIn" classname="ua.splinestudio.rentautobus.tests.LogInTest" time="2.255"/>
  <system-out><![CDATA[]]></system-out>
  <system-err><![CDATA[]]></system-err>
</testsuite>
