<?xml version="1.0" encoding="UTF-8"?>
<testsuite name="ua.splinestudio.rentautobus.tests.SignInTest" tests="1" skipped="0" failures="0" errors="0" timestamp="2020-01-14T16:47:09" hostname="WIN-H3K2C979116" time="0.871">
  <properties/>
  <testcase name="testSignIn" classname="ua.splinestudio.rentautobus.tests.SignInTest" time="0.871"/>
  <system-out><![CDATA[]]></system-out>
  <system-err><![CDATA[]]></system-err>
</testsuite>
