<?xml version="1.0" encoding="UTF-8"?>
<testsuite name="ua.splinestudio.rentautobus.tests.TravelerOneWayTripTest" tests="1" skipped="0" failures="0" errors="0" timestamp="2020-01-07T22:40:15" hostname="WIN-2KK8D6ESTAE" time="35.886">
  <properties/>
  <testcase name="testTravelerOneWayTrip" classname="ua.splinestudio.rentautobus.tests.TravelerOneWayTripTest" time="35.886"/>
  <system-out><![CDATA[]]></system-out>
  <system-err><![CDATA[JavaScript error: http://rab.dev19.splinestudio.com/static/js/main.js, line 217: TypeError: dateInput is null
JavaScript error: resource://gre/modules/XULStore.jsm, line 66: Error: Can't find profile directory.
JavaScript error: resource://gre/modules/XULStore.jsm, line 66: Error: Can't find profile directory.
]]></system-err>
</testsuite>
