<?xml version="1.0" encoding="UTF-8"?>
<testsuite name="ua.splinestudio.rentautobus.tests.SignInTest" tests="1" skipped="0" failures="0" errors="0" timestamp="2020-01-21T12:46:01" hostname="WIN-H3K2C979116" time="3.026">
  <properties/>
  <testcase name="testSignIn" classname="ua.splinestudio.rentautobus.tests.SignInTest" time="3.026"/>
  <system-out><![CDATA[]]></system-out>
  <system-err><![CDATA[]]></system-err>
</testsuite>
