<?xml version="1.0" encoding="UTF-8"?>
<testsuite name="ua.splinestudio.rentautobus.tests.LogInTest" tests="1" skipped="0" failures="0" errors="0" timestamp="2020-01-06T12:00:11" hostname="WIN-2KK8D6ESTAE" time="2.143">
  <properties/>
  <testcase name="testBusCompanyLoginIn" classname="ua.splinestudio.rentautobus.tests.LogInTest" time="2.143"/>
  <system-out><![CDATA[]]></system-out>
  <system-err><![CDATA[]]></system-err>
</testsuite>
