<?xml version="1.0" encoding="UTF-8"?>
<testsuite name="ua.splinestudio.addressbook.tests.ContactPhoneTests" tests="1" skipped="0" failures="0" errors="0" timestamp="2019-12-25T08:01:30" hostname="WIN-H3K2C979116" time="1.009">
  <properties/>
  <testcase name="testContactPhone" classname="ua.splinestudio.addressbook.tests.ContactPhoneTests" time="1.009"/>
  <system-out><![CDATA[]]></system-out>
  <system-err><![CDATA[]]></system-err>
</testsuite>
