<?xml version="1.0" encoding="UTF-8"?>
<testsuite name="ua.splinestudio.addressbook.tests.ContactPhoneTests" tests="1" skipped="1" failures="0" errors="0" timestamp="2019-12-29T21:20:41" hostname="WIN-2KK8D6ESTAE" time="0.0">
  <properties/>
  <testcase name="testContactPhone" classname="ua.splinestudio.addressbook.tests.ContactPhoneTests" time="0.0">
    <skipped/>
  </testcase>
  <system-out><![CDATA[]]></system-out>
  <system-err><![CDATA[]]></system-err>
</testsuite>
