<?xml version="1.0" encoding="UTF-8"?>
<testsuite name="ua.splinestudio.addressbook.tests.ContactModificationTests" tests="1" skipped="0" failures="0" errors="0" timestamp="2019-12-22T21:11:28" hostname="WIN-2KK8D6ESTAE" time="2.352">
  <properties/>
  <testcase name="testContactModification" classname="ua.splinestudio.addressbook.tests.ContactModificationTests" time="2.352"/>
  <system-out><![CDATA[]]></system-out>
  <system-err><![CDATA[]]></system-err>
</testsuite>
