<?xml version="1.0" encoding="UTF-8"?>
<testsuite name="ua.splinestudio.addressbook.tests.GroupModificationTestsDb" tests="1" skipped="0" failures="0" errors="0" timestamp="2019-12-26T18:24:57" hostname="WIN-2KK8D6ESTAE" time="1.626">
  <properties/>
  <testcase name="testGroupModificationDb" classname="ua.splinestudio.addressbook.tests.GroupModificationTestsDb" time="1.626"/>
  <system-out><![CDATA[Hibernate: select g1_0.group_id, g1_0.group_footer, g1_0.group_header, g1_0.group_name from group_list as g1_0
Hibernate: select g1_0.group_id, g1_0.group_footer, g1_0.group_header, g1_0.group_name from group_list as g1_0
Hibernate: select g1_0.group_id, g1_0.group_footer, g1_0.group_header, g1_0.group_name from group_list as g1_0
]]></system-out>
  <system-err><![CDATA[]]></system-err>
</testsuite>
