<?xml version="1.0" encoding="UTF-8"?>
<testsuite name="ua.splinestudio.addressbook.tests.GroupCreationTests" tests="20" skipped="0" failures="0" errors="0" timestamp="2019-12-24T18:23:42" hostname="WIN-H3K2C979116" time="76.623">
  <properties/>
  <testcase name="testGroupCreation[0](GroupData{id='0', name='test 0'})" classname="ua.splinestudio.addressbook.tests.GroupCreationTests" time="5.413"/>
  <testcase name="testGroupCreation[1](GroupData{id='0', name='test 1'})" classname="ua.splinestudio.addressbook.tests.GroupCreationTests" time="3.223"/>
  <testcase name="testGroupCreation[2](GroupData{id='0', name='test 2'})" classname="ua.splinestudio.addressbook.tests.GroupCreationTests" time="3.188"/>
  <testcase name="testGroupCreation[3](GroupData{id='0', name='test 3'})" classname="ua.splinestudio.addressbook.tests.GroupCreationTests" time="3.28"/>
  <testcase name="testGroupCreation[4](GroupData{id='0', name='test 4'})" classname="ua.splinestudio.addressbook.tests.GroupCreationTests" time="3.31"/>
  <testcase name="testGroupCreation[5](GroupData{id='0', name='test 5'})" classname="ua.splinestudio.addressbook.tests.GroupCreationTests" time="3.365"/>
  <testcase name="testGroupCreation[6](GroupData{id='0', name='test 6'})" classname="ua.splinestudio.addressbook.tests.GroupCreationTests" time="3.252"/>
  <testcase name="testGroupCreation[7](GroupData{id='0', name='test 7'})" classname="ua.splinestudio.addressbook.tests.GroupCreationTests" time="3.357"/>
  <testcase name="testGroupCreation[8](GroupData{id='0', name='test 8'})" classname="ua.splinestudio.addressbook.tests.GroupCreationTests" time="3.562"/>
  <testcase name="testGroupCreation[9](GroupData{id='0', name='test 9'})" classname="ua.splinestudio.addressbook.tests.GroupCreationTests" time="3.49"/>
  <testcase name="testGroupCreation[10](GroupData{id='0', name='test 10'})" classname="ua.splinestudio.addressbook.tests.GroupCreationTests" time="3.7"/>
  <testcase name="testGroupCreation[11](GroupData{id='0', name='test 11'})" classname="ua.splinestudio.addressbook.tests.GroupCreationTests" time="3.877"/>
  <testcase name="testGroupCreation[12](GroupData{id='0', name='test 12'})" classname="ua.splinestudio.addressbook.tests.GroupCreationTests" time="3.833"/>
  <testcase name="testGroupCreation[13](GroupData{id='0', name='test 13'})" classname="ua.splinestudio.addressbook.tests.GroupCreationTests" time="4.026"/>
  <testcase name="testGroupCreation[14](GroupData{id='0', name='test 14'})" classname="ua.splinestudio.addressbook.tests.GroupCreationTests" time="4.095"/>
  <testcase name="testGroupCreation[15](GroupData{id='0', name='test 15'})" classname="ua.splinestudio.addressbook.tests.GroupCreationTests" time="4.192"/>
  <testcase name="testGroupCreation[16](GroupData{id='0', name='test 16'})" classname="ua.splinestudio.addressbook.tests.GroupCreationTests" time="4.219"/>
  <testcase name="testGroupCreation[17](GroupData{id='0', name='test 17'})" classname="ua.splinestudio.addressbook.tests.GroupCreationTests" time="4.349"/>
  <testcase name="testGroupCreation[18](GroupData{id='0', name='test 18'})" classname="ua.splinestudio.addressbook.tests.GroupCreationTests" time="4.435"/>
  <testcase name="testGroupCreation[19](GroupData{id='0', name='test 19'})" classname="ua.splinestudio.addressbook.tests.GroupCreationTests" time="4.445"/>
  <system-out><![CDATA[]]></system-out>
  <system-err><![CDATA[Security framework of XStream not initialized, XStream is probably vulnerable.
]]></system-err>
</testsuite>
