<?xml version="1.0" encoding="UTF-8"?>
<testsuite name="ua.splinestudio.addressbook.tests.GroupDeletionTests" tests="1" skipped="0" failures="0" errors="0" timestamp="2019-12-22T15:03:29" hostname="WIN-2KK8D6ESTAE" time="1.058">
  <properties/>
  <testcase name="testGroupDeletion" classname="ua.splinestudio.addressbook.tests.GroupDeletionTests" time="1.058"/>
  <system-out><![CDATA[]]></system-out>
  <system-err><![CDATA[]]></system-err>
</testsuite>
