<?xml version="1.0" encoding="UTF-8"?>
<testsuite name="ua.splinestudio.addressbook.tests.HBConnectionTest" tests="1" skipped="0" failures="0" errors="0" timestamp="2019-12-27T15:23:26" hostname="WIN-H3K2C979116" time="0.119">
  <properties/>
  <testcase name="testHBConnection" classname="ua.splinestudio.addressbook.tests.HBConnectionTest" time="0.119"/>
  <system-out><![CDATA[17:23:26.105 [Test worker] WARN  org.hibernate.orm.deprecation - HHH90000012: Recognized obsolete hibernate namespace http://hibernate.sourceforge.net/hibernate-configuration. Use namespace http://www.hibernate.org/dtd/hibernate-configuration instead.  Support for obsolete DTD/XSD namespaces may be removed at any time.
17:23:26.177 [Test worker] WARN  o.hibernate.orm.connections.pooling - HHH10001002: Using Hibernate built-in connection pool (not for production use!)
Hibernate: select c1_0.id, c1_0.deprecated, c1_0.firstname, c1_0.home, c1_0.lastname, c1_0.mobile, c1_0.photo, c1_0.work from addressbook as c1_0 where c1_0.deprecated = ?
ua.splinestudio.addressbook.model.ContactData@1d5c652e
ua.splinestudio.addressbook.model.ContactData@70161b6e
ua.splinestudio.addressbook.model.ContactData@4f266804
ua.splinestudio.addressbook.model.ContactData@58706457
ua.splinestudio.addressbook.model.ContactData@267b0f62
ua.splinestudio.addressbook.model.ContactData@66f6ada8
ua.splinestudio.addressbook.model.ContactData@1aec8f3a
ua.splinestudio.addressbook.model.ContactData@416502ec
ua.splinestudio.addressbook.model.ContactData@3f9b05bd
ua.splinestudio.addressbook.model.ContactData@6cd3740b
ua.splinestudio.addressbook.model.ContactData@1238a3f4
ua.splinestudio.addressbook.model.ContactData@7ba3a13d
ua.splinestudio.addressbook.model.ContactData@1cf2f519
ua.splinestudio.addressbook.model.ContactData@6bf6b9a0
ua.splinestudio.addressbook.model.ContactData@3c868029
ua.splinestudio.addressbook.model.ContactData@511b08a0
ua.splinestudio.addressbook.model.ContactData@f7e909a
ua.splinestudio.addressbook.model.ContactData@771ce94
ua.splinestudio.addressbook.model.ContactData@e143eab
ua.splinestudio.addressbook.model.ContactData@74379c1
]]></system-out>
  <system-err><![CDATA[]]></system-err>
</testsuite>
