<?xml version="1.0" encoding="UTF-8"?>
<testsuite name="ua.splinestudio.addressbook.tests.GroupDeletionTests" tests="1" skipped="0" failures="0" errors="0" timestamp="2019-12-21T12:03:09" hostname="WIN-H3K2C979116" time="1.163">
  <properties/>
  <testcase name="testGroupDeletion" classname="ua.splinestudio.addressbook.tests.GroupDeletionTests" time="1.163"/>
  <system-out><![CDATA[]]></system-out>
  <system-err><![CDATA[]]></system-err>
</testsuite>
