<?xml version="1.0" encoding="UTF-8"?>
<testsuite name="ua.splinestudio.addressbook.tests.DBConnectionTest" tests="1" skipped="0" failures="0" errors="0" timestamp="2019-12-25T14:43:18" hostname="WIN-H3K2C979116" time="0.251">
  <properties/>
  <testcase name="testDBConnection" classname="ua.splinestudio.addressbook.tests.DBConnectionTest" time="0.251"/>
  <system-out><![CDATA[[GroupData{id='80', name='test 19'}, GroupData{id='62', name='test 1'}, GroupData{id='70', name='test 9'}, GroupData{id='31', name='test 10'}, GroupData{id='39', name='test 18'}, GroupData{id='21', name='test 0'}, GroupData{id='29', name='test 8'}, GroupData{id='5', name='test'}, GroupData{id='15', name='test1'}, GroupData{id='96', name='test 15'}, GroupData{id='86', name='test 5'}, GroupData{id='7', name='test3'}, GroupData{id='103', name='test 2'}, GroupData{id='55', name='test 14'}, GroupData{id='45', name='test 4'}, GroupData{id='71', name='test 10'}, GroupData{id='79', name='test 18'}, GroupData{id='61', name='test 0'}, GroupData{id='69', name='test 8'}, GroupData{id='56', name='test1'}, GroupData{id='4', name='test'}, GroupData{id='38', name='test 17'}, GroupData{id='28', name='test 7'}, GroupData{id='16', name='test2'}, GroupData{id='91', name='test 10'}, GroupData{id='99', name='test 18'}, GroupData{id='81', name='test 0'}, GroupData{id='89', name='test 8'}, GroupData{id='8', name='test3'}, GroupData{id='58', name='test 17'}, GroupData{id='48', name='test 7'}, GroupData{id='106', name='test 0'}, GroupData{id='74', name='test 13'}, GroupData{id='64', name='test 3'}, GroupData{id='33', name='test 12'}, GroupData{id='23', name='test 2'}, GroupData{id='17', name='test3'}, GroupData{id='98', name='test 17'}, GroupData{id='88', name='test 7'}, GroupData{id='9', name='test3'}, GroupData{id='57', name='test 16'}, GroupData{id='47', name='test 6'}, GroupData{id='105', name='test 0'}, GroupData{id='73', name='test 12'}, GroupData{id='63', name='test 2'}, GroupData{id='32', name='test 11'}, GroupData{id='40', name='test 19'}, GroupData{id='22', name='test 1'}, GroupData{id='30', name='test 9'}, GroupData{id='108', name='test 0'}, GroupData{id='93', name='test 12'}, GroupData{id='83', name='test 2'}, GroupData{id='52', name='test 11'}, GroupData{id='60', name='test 19'}, GroupData{id='42', name='test 1'}, GroupData{id='50', name='test 9'}, GroupData{id='76', name='test 15'}, GroupData{id='66', name='test 5'}, GroupData{id='35', name='test 14'}, GroupData{id='25', name='test 4'}, GroupData{id='18', name='test1'}, GroupData{id='107', name='test 0'}, GroupData{id='92', name='test 11'}, GroupData{id='100', name='test 19'}, GroupData{id='11', name='test1'}, GroupData{id='82', name='test 1'}, GroupData{id='90', name='test 9'}, GroupData{id='51', name='test 10'}, GroupData{id='59', name='test 18'}, GroupData{id='41', name='test 0'}, GroupData{id='49', name='test 8'}, GroupData{id='75', name='test 14'}, GroupData{id='65', name='test 4'}, GroupData{id='34', name='test 13'}, GroupData{id='24', name='test 3'}, GroupData{id='19', name='test2'}, GroupData{id='12', name='test1'}, GroupData{id='95', name='test 14'}, GroupData{id='85', name='test 4'}, GroupData{id='102', name='test 1'}, GroupData{id='54', name='test 13'}, GroupData{id='44', name='test 3'}, GroupData{id='78', name='test 17'}, GroupData{id='68', name='test 7'}, GroupData{id='37', name='test 16'}, GroupData{id='3', name='test'}, GroupData{id='27', name='test 6'}, GroupData{id='20', name='test3'}, GroupData{id='13', name='test2'}, GroupData{id='46', name='test1'}, GroupData{id='94', name='test 13'}, GroupData{id='84', name='test 3'}, GroupData{id='101', name='test 0'}, GroupData{id='53', name='test 12'}, GroupData{id='43', name='test 2'}, GroupData{id='77', name='test 16'}, GroupData{id='67', name='test 6'}, GroupData{id='36', name='test 15'}, GroupData{id='26', name='test 5'}, GroupData{id='87', name='test1'}]
]]></system-out>
  <system-err><![CDATA[]]></system-err>
</testsuite>
