<?xml version="1.0" encoding="UTF-8"?>
<testsuite name="ua.splinestudio.addressbook.tests.GroupCreationTests" tests="20" skipped="0" failures="0" errors="0" timestamp="2019-12-24T17:32:32" hostname="WIN-H3K2C979116" time="59.857">
  <properties/>
  <testcase name="testGroupCreation[0](GroupData{id='0', name='test 0'})" classname="ua.splinestudio.addressbook.tests.GroupCreationTests" time="3.992"/>
  <testcase name="testGroupCreation[1](GroupData{id='0', name='test 1'})" classname="ua.splinestudio.addressbook.tests.GroupCreationTests" time="2.704"/>
  <testcase name="testGroupCreation[2](GroupData{id='0', name='test 2'})" classname="ua.splinestudio.addressbook.tests.GroupCreationTests" time="2.739"/>
  <testcase name="testGroupCreation[3](GroupData{id='0', name='test 3'})" classname="ua.splinestudio.addressbook.tests.GroupCreationTests" time="2.782"/>
  <testcase name="testGroupCreation[4](GroupData{id='0', name='test 4'})" classname="ua.splinestudio.addressbook.tests.GroupCreationTests" time="2.588"/>
  <testcase name="testGroupCreation[5](GroupData{id='0', name='test 5'})" classname="ua.splinestudio.addressbook.tests.GroupCreationTests" time="2.639"/>
  <testcase name="testGroupCreation[6](GroupData{id='0', name='test 6'})" classname="ua.splinestudio.addressbook.tests.GroupCreationTests" time="2.686"/>
  <testcase name="testGroupCreation[7](GroupData{id='0', name='test 7'})" classname="ua.splinestudio.addressbook.tests.GroupCreationTests" time="2.728"/>
  <testcase name="testGroupCreation[8](GroupData{id='0', name='test 8'})" classname="ua.splinestudio.addressbook.tests.GroupCreationTests" time="2.733"/>
  <testcase name="testGroupCreation[9](GroupData{id='0', name='test 9'})" classname="ua.splinestudio.addressbook.tests.GroupCreationTests" time="2.835"/>
  <testcase name="testGroupCreation[10](GroupData{id='0', name='test 10'})" classname="ua.splinestudio.addressbook.tests.GroupCreationTests" time="2.907"/>
  <testcase name="testGroupCreation[11](GroupData{id='0', name='test 11'})" classname="ua.splinestudio.addressbook.tests.GroupCreationTests" time="2.852"/>
  <testcase name="testGroupCreation[12](GroupData{id='0', name='test 12'})" classname="ua.splinestudio.addressbook.tests.GroupCreationTests" time="3.026"/>
  <testcase name="testGroupCreation[13](GroupData{id='0', name='test 13'})" classname="ua.splinestudio.addressbook.tests.GroupCreationTests" time="3.102"/>
  <testcase name="testGroupCreation[14](GroupData{id='0', name='test 14'})" classname="ua.splinestudio.addressbook.tests.GroupCreationTests" time="3.091"/>
  <testcase name="testGroupCreation[15](GroupData{id='0', name='test 15'})" classname="ua.splinestudio.addressbook.tests.GroupCreationTests" time="3.134"/>
  <testcase name="testGroupCreation[16](GroupData{id='0', name='test 16'})" classname="ua.splinestudio.addressbook.tests.GroupCreationTests" time="3.218"/>
  <testcase name="testGroupCreation[17](GroupData{id='0', name='test 17'})" classname="ua.splinestudio.addressbook.tests.GroupCreationTests" time="3.304"/>
  <testcase name="testGroupCreation[18](GroupData{id='0', name='test 18'})" classname="ua.splinestudio.addressbook.tests.GroupCreationTests" time="3.442"/>
  <testcase name="testGroupCreation[19](GroupData{id='0', name='test 19'})" classname="ua.splinestudio.addressbook.tests.GroupCreationTests" time="3.345"/>
  <system-out><![CDATA[]]></system-out>
  <system-err><![CDATA[Security framework of XStream not initialized, XStream is probably vulnerable.
]]></system-err>
</testsuite>
