<?xml version="1.0" encoding="UTF-8"?>
<testsuite name="ua.splinestudio.addressbook.tests.ContactCreationTests" tests="1" skipped="0" failures="0" errors="0" timestamp="2019-12-27T15:22:59" hostname="WIN-H3K2C979116" time="0.97">
  <properties/>
  <testcase name="testContactCreationTests" classname="ua.splinestudio.addressbook.tests.ContactCreationTests" time="0.97"/>
  <system-out><![CDATA[]]></system-out>
  <system-err><![CDATA[]]></system-err>
</testsuite>
