<?xml version="1.0" encoding="UTF-8"?>
<testsuite name="ua.splinestudio.addressbook.tests.ContactCreationTests" tests="1" skipped="0" failures="0" errors="0" timestamp="2019-12-23T21:51:45" hostname="WIN-2KK8D6ESTAE" time="1.198">
  <properties/>
  <testcase name="testContactCreationTests" classname="ua.splinestudio.addressbook.tests.ContactCreationTests" time="1.198"/>
  <system-out><![CDATA[]]></system-out>
  <system-err><![CDATA[]]></system-err>
</testsuite>
