<?xml version="1.0" encoding="UTF-8"?>
<testsuite name="ua.splinestudio.addressbook.tests.GroupCreationTests" tests="3" skipped="0" failures="0" errors="0" timestamp="2019-12-24T15:54:06" hostname="WIN-H3K2C979116" time="6.784">
  <properties/>
  <testcase name="testGroupCreation[0](GroupData{id='2147483647', name='test1'})" classname="ua.splinestudio.addressbook.tests.GroupCreationTests" time="2.725"/>
  <testcase name="testGroupCreation[1](GroupData{id='2147483647', name='test2'})" classname="ua.splinestudio.addressbook.tests.GroupCreationTests" time="2.101"/>
  <testcase name="testGroupCreation[2](GroupData{id='2147483647', name='test3'})" classname="ua.splinestudio.addressbook.tests.GroupCreationTests" time="1.954"/>
  <system-out><![CDATA[]]></system-out>
  <system-err><![CDATA[]]></system-err>
</testsuite>
