<?xml version="1.0" encoding="UTF-8"?>
<testsuite name="ua.splinestudio.addressbook.tests.ContactPhoneTests" tests="1" skipped="0" failures="0" errors="0" timestamp="2019-12-23T19:27:44" hostname="WIN-2KK8D6ESTAE" time="0.73">
  <properties/>
  <testcase name="testContactPhone" classname="ua.splinestudio.addressbook.tests.ContactPhoneTests" time="0.73"/>
  <system-out><![CDATA[]]></system-out>
  <system-err><![CDATA[]]></system-err>
</testsuite>
