<?xml version="1.0" encoding="UTF-8"?>
<testsuite name="ua.splinestudio.addressbook.tests.GroupCreationTests" tests="20" skipped="0" failures="0" errors="0" timestamp="2019-12-24T16:11:30" hostname="WIN-H3K2C979116" time="45.736">
  <properties/>
  <testcase name="testGroupCreation[0](GroupData{id='2147483647', name='test 0'})" classname="ua.splinestudio.addressbook.tests.GroupCreationTests" time="2.723"/>
  <testcase name="testGroupCreation[1](GroupData{id='2147483647', name='test 1'})" classname="ua.splinestudio.addressbook.tests.GroupCreationTests" time="2.016"/>
  <testcase name="testGroupCreation[2](GroupData{id='2147483647', name='test 2'})" classname="ua.splinestudio.addressbook.tests.GroupCreationTests" time="1.999"/>
  <testcase name="testGroupCreation[3](GroupData{id='2147483647', name='test 3'})" classname="ua.splinestudio.addressbook.tests.GroupCreationTests" time="2.131"/>
  <testcase name="testGroupCreation[4](GroupData{id='2147483647', name='test 4'})" classname="ua.splinestudio.addressbook.tests.GroupCreationTests" time="2.114"/>
  <testcase name="testGroupCreation[5](GroupData{id='2147483647', name='test 5'})" classname="ua.splinestudio.addressbook.tests.GroupCreationTests" time="2.098"/>
  <testcase name="testGroupCreation[6](GroupData{id='2147483647', name='test 6'})" classname="ua.splinestudio.addressbook.tests.GroupCreationTests" time="2.075"/>
  <testcase name="testGroupCreation[7](GroupData{id='2147483647', name='test 7'})" classname="ua.splinestudio.addressbook.tests.GroupCreationTests" time="2.098"/>
  <testcase name="testGroupCreation[8](GroupData{id='2147483647', name='test 8'})" classname="ua.splinestudio.addressbook.tests.GroupCreationTests" time="2.174"/>
  <testcase name="testGroupCreation[9](GroupData{id='2147483647', name='test 9'})" classname="ua.splinestudio.addressbook.tests.GroupCreationTests" time="2.288"/>
  <testcase name="testGroupCreation[10](GroupData{id='2147483647', name='test 10'})" classname="ua.splinestudio.addressbook.tests.GroupCreationTests" time="2.233"/>
  <testcase name="testGroupCreation[11](GroupData{id='2147483647', name='test 11'})" classname="ua.splinestudio.addressbook.tests.GroupCreationTests" time="2.315"/>
  <testcase name="testGroupCreation[12](GroupData{id='2147483647', name='test 12'})" classname="ua.splinestudio.addressbook.tests.GroupCreationTests" time="2.317"/>
  <testcase name="testGroupCreation[13](GroupData{id='2147483647', name='test 13'})" classname="ua.splinestudio.addressbook.tests.GroupCreationTests" time="2.359"/>
  <testcase name="testGroupCreation[14](GroupData{id='2147483647', name='test 14'})" classname="ua.splinestudio.addressbook.tests.GroupCreationTests" time="2.374"/>
  <testcase name="testGroupCreation[15](GroupData{id='2147483647', name='test 15'})" classname="ua.splinestudio.addressbook.tests.GroupCreationTests" time="2.407"/>
  <testcase name="testGroupCreation[16](GroupData{id='2147483647', name='test 16'})" classname="ua.splinestudio.addressbook.tests.GroupCreationTests" time="2.443"/>
  <testcase name="testGroupCreation[17](GroupData{id='2147483647', name='test 17'})" classname="ua.splinestudio.addressbook.tests.GroupCreationTests" time="2.54"/>
  <testcase name="testGroupCreation[18](GroupData{id='2147483647', name='test 18'})" classname="ua.splinestudio.addressbook.tests.GroupCreationTests" time="2.457"/>
  <testcase name="testGroupCreation[19](GroupData{id='2147483647', name='test 19'})" classname="ua.splinestudio.addressbook.tests.GroupCreationTests" time="2.567"/>
  <system-out><![CDATA[]]></system-out>
  <system-err><![CDATA[]]></system-err>
</testsuite>
