<?xml version="1.0" encoding="UTF-8"?>
<testsuite name="ua.splinestudio.addressbook.tests.GroupModificationTests" tests="1" skipped="0" failures="0" errors="0" timestamp="2019-12-20T15:59:24" hostname="WIN-H3K2C979116" time="1.737">
  <properties/>
  <testcase name="testGroupModification" classname="ua.splinestudio.addressbook.tests.GroupModificationTests" time="1.737"/>
  <system-out><![CDATA[]]></system-out>
  <system-err><![CDATA[1576857559699	mozrunner::runner	INFO	Running command: "C:\\Program Files\\Mozilla Firefox\\firefox.exe" "-marionette" "-foreground" "-no-remote" "-profile" "C:\\Users\\User\\AppData\\Local\\Temp\\rust_mozprofileCrEJII"
1576857560197	addons.webextension.screenshots@mozilla.org	WARN	Loading extension 'screenshots@mozilla.org': Reading manifest: Invalid extension permission: mozillaAddons
1576857560197	addons.webextension.screenshots@mozilla.org	WARN	Loading extension 'screenshots@mozilla.org': Reading manifest: Invalid extension permission: telemetry
1576857560198	addons.webextension.screenshots@mozilla.org	WARN	Loading extension 'screenshots@mozilla.org': Reading manifest: Invalid extension permission: resource://pdf.js/
1576857560198	addons.webextension.screenshots@mozilla.org	WARN	Loading extension 'screenshots@mozilla.org': Reading manifest: Invalid extension permission: about:reader*
JavaScript error: resource://gre/modules/XULStore.jsm, line 66: Error: Can't find profile directory.
1576857562476	Marionette	INFO	Listening on port 59849
1576857562931	Marionette	WARN	TLS certificate errors will be ignored for this session
дек 20, 2019 5:59:23 PM org.openqa.selenium.remote.ProtocolHandshake createSession
INFO: Detected dialect: W3C
1576857565969	Marionette	INFO	Stopped listening on port 59849
[Child 8864, Chrome_ChildThread] WARNING: pipe error: 109: file z:/task_1575282935/build/src/ipc/chromium/src/chrome/common/ipc_channel_win.cc, line 341
[Child 8864, Chrome_ChildThread] WARNIN[Parent 11352, Gecko_IOThread] WARNING: pipe error: 109: file z:/task_1575282935/build/src/ipc/chromium/src/chrome/common/ipc_channel_win.cc, line 341

###!!! [Child][RunMessage] Error: Channel closing: too late to send/recv, messages will be lost

]]></system-err>
</testsuite>
