<?xml version="1.0" encoding="UTF-8"?>
<testsuite name="ua.splinestudio.addressbook.tests.ContactCreationTests" tests="1" skipped="0" failures="0" errors="0" timestamp="2019-12-23T11:52:49" hostname="WIN-H3K2C979116" time="0.003">
  <properties/>
  <testcase name="testCurrentDir" classname="ua.splinestudio.addressbook.tests.ContactCreationTests" time="0.003"/>
  <system-out><![CDATA[C:\Git\java_test\java_test\addressbook-web-tests\.
C:\Git\java_test\java_test\addressbook-web-tests\src\test\resources\spst.png
true
]]></system-out>
  <system-err><![CDATA[]]></system-err>
</testsuite>
