<?xml version="1.0" encoding="UTF-8"?>
<testsuite name="ua.splinestudio.addressbook.tests.GroupModificationTests" tests="1" skipped="0" failures="0" errors="0" timestamp="2019-12-15T13:04:48" hostname="WIN-2KK8D6ESTAE" time="1.737">
  <properties/>
  <testcase name="testGroupModification" classname="ua.splinestudio.addressbook.tests.GroupModificationTests" time="1.737"/>
  <system-out><![CDATA[]]></system-out>
  <system-err><![CDATA[1576415080671	mozrunner::runner	INFO	Running command: "C:\\Program Files\\Mozilla Firefox\\firefox.exe" "-marionette" "-foreground" "-no-remote" "-profile" "C:\\Users\\User\\AppData\\Local\\Temp\\rust_mozprofileourMAJ"
1576415081369	addons.webextension.screenshots@mozilla.org	WARN	Loading extension 'screenshots@mozilla.org': Reading manifest: Invalid extension permission: mozillaAddons
1576415081370	addons.webextension.screenshots@mozilla.org	WARN	Loading extension 'screenshots@mozilla.org': Reading manifest: Invalid extension permission: telemetry
1576415081371	addons.webextension.screenshots@mozilla.org	WARN	Loading extension 'screenshots@mozilla.org': Reading manifest: Invalid extension permission: resource://pdf.js/
1576415081371	addons.webextension.screenshots@mozilla.org	WARN	Loading extension 'screenshots@mozilla.org': Reading manifest: Invalid extension permission: about:reader*
JavaScript error: resource://gre/modules/XULStore.jsm, line 66: Error: Can't find profile directory.
WARN: compileToBinary(259): 
C:\fakepath(337,18-133): warning X3571: pow(f, e) will not work for negative f, use abs(f) or conditionally handle negative values if you expect them
C:\fakepath(343,62-116): warning X3571: pow(f, e) will not work for negative f, use abs(f) or conditionally handle negative values if you expect them
C:\fakepath(360,75-84): warning X3556: integer divides may be much slower, try using uints if possible.
C:\fakepath(363,50-59): warning X3556: integer modulus may be much slower, try using uints if possible.
C:\fakepath(383,33-90): warning X3571: pow(f, e) will not work for negative f, use abs(f) or conditionally handle negative values if you expect them
C:\fakepath(174,1-6): warning X4000: use of potentially uninitialized variable (dyn_index_vec4_float4)
C:\fakepath(289,25-29): error X4576: Input array signature parameter  cannot be indexed dynamically.

WARN: compileToBinary(259): 
C:\fakepath(337,18-133): warning X3571: pow(f, e) will not work for negative f, use abs(f) or conditionally handle negative values if you expect them
C:\fakepath(343,62-116): warning X3571: pow(f, e) will not work for negative f, use abs(f) or conditionally handle negative values if you expect them
C:\fakepath(360,75-84): warning X3556: integer divides may be much slower, try using uints if possible.
C:\fakepath(363,50-59): warning X3556: integer modulus may be much slower, try using uints if possible.
C:\fakepath(383,33-90): warning X3571: pow(f, e) will not work for negative f, use abs(f) or conditionally handle negative values if you expect them
C:\fakepath(174,1-6): warning X4000: use of potentially uninitialized variable (dyn_index_vec4_float4)
C:\fakepath(289,25-29): error X4576: Input array signature parameter  cannot be indexed dynamically.

WARN: compileToBinary(259): 
C:\fakepath(360,75-84): warning X3556: integer divides may be much slower, try using uints if possible.
C:\fakepath(363,50-59): warning X3556: integer modulus may be much slower, try using uints if possible.
C:\fakepath(174,1-6): warning X4000: use of potentially uninitialized variable (dyn_index_vec4_float4)
C:\fakepath(225,1): warning X4000: use of potentially uninitialized variable (f_distance_aa)
C:\fakepath(262,1): warning X4000: use of potentially uninitialized variable (f_do_clip)

[Child 13564, Chrome_ChildThread] WARNING: pipe error: 109: file z:/task_1575282935/build/src/ipc/chromium/src/chrome/common/ipc_channel_win.cc, line 341
1576415087007	Marionette	INFO	Listening on port 62442
1576415087024	Marionette	WARN	TLS certificate errors will be ignored for this session
дек 15, 2019 3:04:47 PM org.openqa.selenium.remote.ProtocolHandshake createSession
INFO: Detected dialect: W3C
1576415090125	Marionette	INFO	Stopped listening on port 62442
[Parent 12120, Gecko_IOThread] WARNING: pipe error: 109: file z:/task_1575282935/build/src/ipc/chromium/src/chrome/common/ipc_channel_win.cc, line 341
[Child 4308, Chrome_ChildThread] WARNING: pipe error: 109: file z:/task_1575282935/build/src/ipc/chromium/src/chrome/common/ipc_channel_win.cc, line 341
[Child 4308, Chrome_ChildThread] WARNING: pipe error: 109: file z:/task_1575282935/build/src/ipc/chromium/src/chrome/common/ipc_channel_win.cc, line 341
[Parent 12120, Gecko_IOThread] WARNING: pipe error: 109: file z:/task_1575282935/build/src/ipc/chromium/src/chrome/common/ipc_channel_win.cc, line 341
[Child 1516, Chrome_ChildThread] WARNING: pipe error: 109: file z:/task_1575282935/build/src/ipc/chromium/src/chrome/common/ipc_channel_win.cc, line 341
[Child 1516, Chrome_ChildThread] WARNING: pipe error: 109: file z:/task_1575282935/build/src/ipc/chromium/src/chrome/common/ipc_channel_win.cc, line 341
[Parent 12120, Gecko_IOThread] WARNING: pipe error: 109: file z:/task_1575282935/build/src/ipc/chromium/src/chrome/common/ipc_channel_win.cc, line 341
[GPU 9904, Chrome_ChildThread] WARNING: pipe error: 109: file z:/task_1575282935/build/src/ipc/chromium
###!!! [Child][RunMessage] Error: Channel closing: too late to send/recv, messages will be lost


###!!! [Child][MessageChannel::SendAndWait] Error: Channel error: cannot send/recv

]]></system-err>
</testsuite>
