<?xml version="1.0" encoding="UTF-8"?>
<testsuite name="ua.splinestudio.addressbook.tests.GroupModificationTests" tests="1" skipped="0" failures="0" errors="0" timestamp="2019-12-21T11:09:41" hostname="WIN-H3K2C979116" time="2.254">
  <properties/>
  <testcase name="testGroupModification" classname="ua.splinestudio.addressbook.tests.GroupModificationTests" time="2.254"/>
  <system-out><![CDATA[]]></system-out>
  <system-err><![CDATA[1576926577787	mozrunner::runner	INFO	Running command: "C:\\Program Files\\Mozilla Firefox\\firefox.exe" "-marionette" "-foreground" "-no-remote" "-profile" "C:\\Users\\User\\AppData\\Local\\Temp\\rust_mozprofileWqOu7f"
1576926578271	addons.webextension.screenshots@mozilla.org	WARN	Loading extension 'screenshots@mozilla.org': Reading manifest: Invalid extension permission: mozillaAddons
1576926578271	addons.webextension.screenshots@mozilla.org	WARN	Loading extension 'screenshots@mozilla.org': Reading manifest: Invalid extension permission: telemetry
1576926578271	addons.webextension.screenshots@mozilla.org	WARN	Loading extension 'screenshots@mozilla.org': Reading manifest: Invalid extension permission: resource://pdf.js/
1576926578271	addons.webextension.screenshots@mozilla.org	WARN	Loading extension 'screenshots@mozilla.org': Reading manifest: Invalid extension permission: about:reader*
JavaScript error: resource://gre/modules/XULStore.jsm, line 66: Error: Can't find profile directory.
1576926580237	Marionette	INFO	Listening on port 63082
1576926580512	Marionette	WARN	TLS certificate errors will be ignored for this session
дек 21, 2019 1:09:40 PM org.openqa.selenium.remote.ProtocolHandshake createSession
INFO: Detected dialect: W3C
1576926584040	Marionette	INFO	Stopped listening on port 63082
[Child 4312, Chrome_ChildThread] WARNING: pipe error: 109: file z:/task_1575282935/build/src/ipc/chromium/src/chrome/common/ipc_channel_win.cc, line 341
[Ch[Parent 10288, Gecko_IOThread] WARNING: pipe error: 109: file z:/task_1575282935/build/src/ipc/chromium/src/chrome/common/ipc_channel_win.cc, line 341

###!!! [Child][RunMessage] Error: Channel closing: too late to send/recv, messages will be lost

[GPU 10064, Chrome_ChildThread] WARNIN
###!!! [Child][MessageChannel::SendAndWait] Error: Channel error: cannot send/recv

]]></system-err>
</testsuite>
