<?xml version="1.0" encoding="UTF-8"?>
<testsuite name="ua.splinestudio.rentautobus.tests.bdd.RunBddTests" tests="2" skipped="0" failures="0" errors="0" timestamp="2020-01-20T13:43:23" hostname="WIN-H3K2C979116" time="52.742">
  <properties/>
  <testcase name="feature[0](LogIn)" classname="ua.splinestudio.rentautobus.tests.bdd.RunBddTests" time="27.486"/>
  <testcase name="feature[1](SignIn)" classname="ua.splinestudio.rentautobus.tests.bdd.RunBddTests" time="25.014"/>
  <system-out><![CDATA[Feature: LogIn

  Scenario Outline: test login                         ?[90m# bdd_tests/BddLogInTest.feature:3?[0m
    ?[36mGiven ?[0m?[36muser click button sign in?[0m
    ?[36mWhen ?[0m?[36muser enters login <login> and password <pass>?[0m
    ?[36mThen ?[0m?[36muser gets confirmation?[0m

    Examples: 

  Scenario Outline: test login                                        ?[90m# bdd_tests/BddLogInTest.feature:10?[0m
    ?[32mGiven ?[0m?[32muser click button sign in?[0m                                   ?[90m# BddLogInTest.clickSignIn()?[0m
    ?[32mWhen ?[0m?[32muser enters login ?[0m?[32m?[1mdev@splinestudio.com?[0m?[32m and password ?[0m?[32m?[1m12345678?[0m ?[90m# BddLogInTest.fillForm(String,String)?[0m
    ?[32mThen ?[0m?[32muser gets confirmation?[0m                                       ?[90m# BddLogInTest.assertResults()?[0m
Feature: SignIn

  Scenario Outline: test SignIn                         ?[90m# bdd_tests/SignInTest.feature:3?[0m
    ?[36mGiven ?[0m?[36muser click button SignIn on the home page?[0m
    ?[36mWhen ?[0m?[36muser set login <login> and set password <pass>?[0m
    ?[36mAnd ?[0m?[36muser click button sign in confirmation?[0m
    ?[36mThen ?[0m?[36muser SignIn on the site?[0m

    Examples: 

  Scenario Outline: test SignIn                                        ?[90m# bdd_tests/SignInTest.feature:11?[0m
    ?[32mGiven ?[0m?[32muser click button SignIn on the home page?[0m                    ?[90m# SignInTest.clickSignIn()?[0m
    ?[32mWhen ?[0m?[32muser set login ?[0m?[32m?[1mdev@splinestudio.com?[0m?[32m and set password ?[0m?[32m?[1m12345678?[0m ?[90m# SignInTest.fillForm(String,String)?[0m
    ?[32mAnd ?[0m?[32muser click button sign in confirmation?[0m                         ?[90m# SignInTest.clickSignInConfirmation()?[0m
    ?[32mThen ?[0m?[32muser SignIn on the site?[0m                                       ?[90m# SignInTest.assertResults()?[0m
]]></system-out>
  <system-err><![CDATA[1579527806744	mozrunner::runner	INFO	Running command: "C:\\Program Files\\Mozilla Firefox\\firefox.exe" "-marionette" "-foreground" "-no-remote" "-profile" "C:\\Users\\User\\AppData\\Local\\Temp\\rust_mozprofileFquQHC"
1579527807375	addons.webextension.doh-rollout@mozilla.org	WARN	Loading extension 'doh-rollout@mozilla.org': Reading manifest: Invalid extension permission: networkStatus
1579527807501	addons.webextension.screenshots@mozilla.org	WARN	Loading extension 'screenshots@mozilla.org': Reading manifest: Invalid extension permission: mozillaAddons
1579527807501	addons.webextension.screenshots@mozilla.org	WARN	Loading extension 'screenshots@mozilla.org': Reading manifest: Invalid extension permission: telemetry
1579527807501	addons.webextension.screenshots@mozilla.org	WARN	Loading extension 'screenshots@mozilla.org': Reading manifest: Invalid extension permission: resource://pdf.js/
1579527807501	addons.webextension.screenshots@mozilla.org	WARN	Loading extension 'screenshots@mozilla.org': Reading manifest: Invalid extension permission: about:reader*
JavaScript error: resource://gre/modules/XULStore.jsm, line 66: Error: Can't find profile directory.
1579527809809	Marionette	INFO	Listening on port 59761
янв 20, 2020 3:43:30 PM org.openqa.selenium.remote.ProtocolHandshake createSession
INFO: Detected dialect: W3C
1579527815787	mozrunner::runner	INFO	Running command: "C:\\Program Files\\Mozilla Firefox\\firefox.exe" "-marionette" "-foreground" "-no-remote" "-profile" "C:\\Users\\User\\AppData\\Local\\Temp\\rust_mozprofilebH2S9P"
1579527816371	addons.webextension.doh-rollout@mozilla.org	WARN	Loading extension 'doh-rollout@mozilla.org': Reading manifest: Invalid extension permission: networkStatus
1579527816526	addons.webextension.screenshots@mozilla.org	WARN	Loading extension 'screenshots@mozilla.org': Reading manifest: Invalid extension permission: mozillaAddons
1579527816526	addons.webextension.screenshots@mozilla.org	WARN	Loading extension 'screenshots@mozilla.org': Reading manifest: Invalid extension permission: telemetry
1579527816526	addons.webextension.screenshots@mozilla.org	WARN	Loading extension 'screenshots@mozilla.org': Reading manifest: Invalid extension permission: resource://pdf.js/
1579527816527	addons.webextension.screenshots@mozilla.org	WARN	Loading extension 'screenshots@mozilla.org': Reading manifest: Invalid extension permission: about:reader*
JavaScript error: resource://gre/modules/XULStore.jsm, line 66: Error: Can't find profile directory.
1579527819389	Marionette	INFO	Listening on port 59797
янв 20, 2020 3:43:39 PM org.openqa.selenium.remote.ProtocolHandshake createSession
INFO: Detected dialect: W3C
1579527827210	Marionette	INFO	Stopped listening on port 59761

###!!! [Child][RunMessage] Error: Channel closing: too late to send/recv, messages will be lost


###!!! [Child][MessageChannel::SendAndWait] Error: Channel error: cannot send/recv

1579527828949	Marionette	INFO	Stopped listening on port 59797
JavaScript error: https://cdnjs.cloudflare.com/ajax/libs/jquery/3.4.1/jquery.min.js, line 2: NS_ERROR_NOT_INITIALIZED: 

###!!! [Child][RunMessage] Error: Channel closing: too late to send/recv, messages will be lost


###!!! [Child][RunMessage] Error: Channel closing: too late to send/recv, messages will be lost


###!!! [Child][RunMessage] Error: Channel closing: too late to send/recv, messages will be lost


###!!! [Child][RunMessage] Error: Channel closing: too late to send/recv, messages will be lost


###!!! [Child][RunMessage] Error: Channel closing: too late to send/recv, messages will be lost


###!!! [Child][RunMessage] Error: Channel closing: too late to send/recv, messages will be lost


###!!! [Child][MessageChannel::SendAndWait] Error: Channel error: cannot send/recv

1579527831448	mozrunner::runner	INFO	Running command: "C:\\Program Files\\Mozilla Firefox\\firefox.exe" "-marionette" "-foreground" "-no-remote" "-profile" "C:\\Users\\User\\AppData\\Local\\Temp\\rust_mozprofileala7a1"
1579527832083	addons.webextension.doh-rollout@mozilla.org	WARN	Loading extension 'doh-rollout@mozilla.org': Reading manifest: Invalid extension permission: networkStatus
1579527832210	addons.webextension.screenshots@mozilla.org	WARN	Loading extension 'screenshots@mozilla.org': Reading manifest: Invalid extension permission: mozillaAddons
1579527832210	addons.webextension.screenshots@mozilla.org	WARN	Loading extension 'screenshots@mozilla.org': Reading manifest: Invalid extension permission: telemetry
1579527832210	addons.webextension.screenshots@mozilla.org	WARN	Loading extension 'screenshots@mozilla.org': Reading manifest: Invalid extension permission: resource://pdf.js/
1579527832210	addons.webextension.screenshots@mozilla.org	WARN	Loading extension 'screenshots@mozilla.org': Reading manifest: Invalid extension permission: about:reader*
JavaScript error: resource://gre/modules/XULStore.jsm, line 66: Error: Can't find profile directory.
1579527834640	Marionette	INFO	Listening on port 59853
янв 20, 2020 3:43:54 PM org.openqa.selenium.remote.ProtocolHandshake createSession
INFO: Detected dialect: W3C
1579527841512	mozrunner::runner	INFO	Running command: "C:\\Program Files\\Mozilla Firefox\\firefox.exe" "-marionette" "-foreground" "-no-remote" "-profile" "C:\\Users\\User\\AppData\\Local\\Temp\\rust_mozprofilejXEWP7"
1579527842020	addons.webextension.doh-rollout@mozilla.org	WARN	Loading extension 'doh-rollout@mozilla.org': Reading manifest: Invalid extension permission: networkStatus
1579527842149	addons.webextension.screenshots@mozilla.org	WARN	Loading extension 'screenshots@mozilla.org': Reading manifest: Invalid extension permission: mozillaAddons
1579527842149	addons.webextension.screenshots@mozilla.org	WARN	Loading extension 'screenshots@mozilla.org': Reading manifest: Invalid extension permission: telemetry
1579527842149	addons.webextension.screenshots@mozilla.org	WARN	Loading extension 'screenshots@mozilla.org': Reading manifest: Invalid extension permission: resource://pdf.js/
1579527842150	addons.webextension.screenshots@mozilla.org	WARN	Loading extension 'screenshots@mozilla.org': Reading manifest: Invalid extension permission: about:reader*
JavaScript error: resource://gre/modules/XULStore.jsm, line 66: Error: Can't find profile directory.
1579527844810	Marionette	INFO	Listening on port 59887
янв 20, 2020 3:44:04 PM org.openqa.selenium.remote.ProtocolHandshake createSession
INFO: Detected dialect: W3C
1579527852873	Marionette	INFO	Stopped listening on port 59853

###!!! [Child][MessageChannel] Error: (msgtype=0x370126,name=PContent::Msg_ScriptError) Channel closing: too late to send/recv, messages will be lost


###!!! [Child][RunMessage] Error: Channel closing: too late to send/recv, messages will be lost


###!!! [Child][RunMessage] Error: Channel closing: too late to send/recv, messages will be lost


###!!! [Child][MessageChannel::SendAndWait] Error: Channel error: cannot send/recv

1579527854474	Marionette	INFO	Stopped listening on port 59887

###!!! [Child][MessageChannel] Error: (msgtype=0x58000D,name=PHttpChannel::Msg_DeletingChannel) Channel closing: too late to send/recv, messages will be lost


###!!! [Child][MessageChannel::SendAndWait] Error: Channel error: cannot send/recv

]]></system-err>
</testsuite>
